2020-05-04 09:44:15,001 DEBUG Logging initialized using 'class org.apache.ibatis.logging.slf4j.Slf4jImpl' adapter.
2020-05-04 09:44:15,022 DEBUG PooledDataSource forcefully closed/removed all connections.
2020-05-04 09:44:15,022 DEBUG PooledDataSource forcefully closed/removed all connections.
2020-05-04 09:44:15,022 DEBUG PooledDataSource forcefully closed/removed all connections.
2020-05-04 09:44:15,023 DEBUG PooledDataSource forcefully closed/removed all connections.
2020-05-04 09:44:15,203 DEBUG Created connection 730923082.
2020-05-04 09:44:15,204 DEBUG Returned connection 730923082 to pool.
2020-05-04 09:44:15,279 DEBUG Checked out connection 730923082 from pool.
2020-05-04 09:44:15,279 DEBUG Returned connection 730923082 to pool.
2020-05-04 09:44:15,280 DEBUG Cache Hit Ratio [SQL_CACHE]: 0.0
2020-05-04 09:44:15,304 DEBUG Opening JDBC Connection
2020-05-04 09:44:15,304 DEBUG Checked out connection 730923082 from pool.
2020-05-04 09:44:15,304 DEBUG Setting autocommit to false on JDBC Connection [com.mysql.cj.jdbc.ConnectionImpl@2b91004a]
2020-05-04 09:44:15,308 DEBUG ==>  Preparing: SELECT count(0) FROM sb_user 
2020-05-04 09:44:15,351 DEBUG ==> Parameters: 
2020-05-04 09:44:15,391 DEBUG <==      Total: 1
2020-05-04 09:44:15,394 DEBUG ==>  Preparing: select id, username, password, reg_date, state from sb_user LIMIT ? 
2020-05-04 09:44:15,395 DEBUG ==> Parameters: 5(Integer)
2020-05-04 09:44:15,397 DEBUG <==      Total: 5
2020-05-04 09:44:15,405 DEBUG Resetting autocommit to true on JDBC Connection [com.mysql.cj.jdbc.ConnectionImpl@2b91004a]
2020-05-04 09:44:15,406 DEBUG Closing JDBC Connection [com.mysql.cj.jdbc.ConnectionImpl@2b91004a]
2020-05-04 09:44:15,406 DEBUG Returned connection 730923082 to pool.
2020-05-04 09:46:39,660 DEBUG Logging initialized using 'class org.apache.ibatis.logging.slf4j.Slf4jImpl' adapter.
2020-05-04 09:46:39,678 DEBUG PooledDataSource forcefully closed/removed all connections.
2020-05-04 09:46:39,678 DEBUG PooledDataSource forcefully closed/removed all connections.
2020-05-04 09:46:39,678 DEBUG PooledDataSource forcefully closed/removed all connections.
2020-05-04 09:46:39,678 DEBUG PooledDataSource forcefully closed/removed all connections.
2020-05-04 09:46:39,841 DEBUG Created connection 730923082.
2020-05-04 09:46:39,842 DEBUG Returned connection 730923082 to pool.
2020-05-04 09:46:39,919 DEBUG Checked out connection 730923082 from pool.
2020-05-04 09:46:39,919 DEBUG Returned connection 730923082 to pool.
2020-05-04 09:46:39,920 DEBUG Cache Hit Ratio [SQL_CACHE]: 0.0
2020-05-04 09:46:39,957 DEBUG Opening JDBC Connection
2020-05-04 09:46:39,957 DEBUG Checked out connection 730923082 from pool.
2020-05-04 09:46:39,957 DEBUG Setting autocommit to false on JDBC Connection [com.mysql.cj.jdbc.ConnectionImpl@2b91004a]
2020-05-04 09:46:39,960 DEBUG ==>  Preparing: SELECT count(0) FROM sb_user 
2020-05-04 09:46:40,000 DEBUG ==> Parameters: 
2020-05-04 09:46:40,041 DEBUG <==      Total: 1
2020-05-04 09:46:40,044 DEBUG ==>  Preparing: select id, username, password, reg_date, state from sb_user LIMIT ? 
2020-05-04 09:46:40,045 DEBUG ==> Parameters: 5(Integer)
2020-05-04 09:46:40,048 DEBUG <==      Total: 5
2020-05-04 09:46:40,055 DEBUG Cache Hit Ratio [SQL_CACHE]: 0.5
2020-05-04 09:46:40,055 DEBUG ==>  Preparing: select id, username, password, reg_date, state from sb_user LIMIT ?, ? 
2020-05-04 09:46:40,056 DEBUG ==> Parameters: 5(Integer), 5(Integer)
2020-05-04 09:46:40,057 DEBUG <==      Total: 2
2020-05-04 09:46:40,058 DEBUG Resetting autocommit to true on JDBC Connection [com.mysql.cj.jdbc.ConnectionImpl@2b91004a]
2020-05-04 09:46:40,063 DEBUG Closing JDBC Connection [com.mysql.cj.jdbc.ConnectionImpl@2b91004a]
2020-05-04 09:46:40,063 DEBUG Returned connection 730923082 to pool.
2020-05-04 10:03:16,672 DEBUG Logging initialized using 'class org.apache.ibatis.logging.slf4j.Slf4jImpl' adapter.
2020-05-04 10:03:16,693 DEBUG PooledDataSource forcefully closed/removed all connections.
2020-05-04 10:03:16,694 DEBUG PooledDataSource forcefully closed/removed all connections.
2020-05-04 10:03:16,694 DEBUG PooledDataSource forcefully closed/removed all connections.
2020-05-04 10:03:16,694 DEBUG PooledDataSource forcefully closed/removed all connections.
2020-05-04 10:03:16,845 DEBUG Created connection 730923082.
2020-05-04 10:03:16,847 DEBUG Returned connection 730923082 to pool.
2020-05-04 10:03:16,924 DEBUG Opening JDBC Connection
2020-05-04 10:03:16,924 DEBUG Checked out connection 730923082 from pool.
2020-05-04 10:03:16,924 DEBUG Setting autocommit to false on JDBC Connection [com.mysql.cj.jdbc.ConnectionImpl@2b91004a]
2020-05-04 10:03:16,927 DEBUG ==>  Preparing: {call someUsers(?, ?)} 
2020-05-04 10:03:16,985 DEBUG ==> Parameters: 1(Integer), 4(Integer)
2020-05-04 10:03:17,013 DEBUG <==      Total: 1
2020-05-04 10:03:17,013 DEBUG <==    Updates: 0
2020-05-04 10:03:17,020 DEBUG Resetting autocommit to true on JDBC Connection [com.mysql.cj.jdbc.ConnectionImpl@2b91004a]
2020-05-04 10:03:17,021 DEBUG Closing JDBC Connection [com.mysql.cj.jdbc.ConnectionImpl@2b91004a]
2020-05-04 10:03:17,021 DEBUG Returned connection 730923082 to pool.
